[0m[[0mdebug[0m] [0mRunning TaskDef(dev.scala.httpclient.HttpClientSpec, org.scalatest.tools.Framework$$anon$1@484fa675, false, [SuiteSelector])[0m
[0m[[0mdebug[0m] [0mRunning TaskDef(dev.scala.httpclient.JsonResponseFormatterSpec, org.scalatest.tools.Framework$$anon$1@484fa675, false, [SuiteSelector])[0m
[0m[[0mdebug[0m] [0mRunning TaskDef(dev.scala.httpclient.XmlResponseFormatterSpec, org.scalatest.tools.Framework$$anon$1@484fa675, false, [SuiteSelector])[0m
[0m[[0mdebug[0m] [0mRunning TaskDef(dev.scala.httpclient.ResponseSpec, org.scalatest.tools.Framework$$anon$1@484fa675, false, [SuiteSelector])[0m
[0m[[0minfo[0m] [0m[36mRun completed in 279 milliseconds.[0m[0m
[0m[[0minfo[0m] [0m[36mTotal number of tests run: 14[0m[0m
[0m[[0minfo[0m] [0m[36mSuites: completed 4, aborted 0[0m[0m
[0m[[0minfo[0m] [0m[36mTests: succeeded 13, failed 1, canceled 0, ignored 0, pending 0[0m[0m
[0m[[0minfo[0m] [0m[31m*** 1 TEST FAILED ***[0m[0m
[0m[[0mdebug[0m] [0mPassed tests:[0m
[0m[[0mdebug[0m] [0m	dev.scala.httpclient.JsonResponseFormatterSpec[0m
[0m[[0mdebug[0m] [0m	dev.scala.httpclient.ResponseSpec[0m
[0m[[0mdebug[0m] [0m	dev.scala.httpclient.XmlResponseFormatterSpec[0m
[0m[[31merror[0m] [0mFailed tests:[0m
[0m[[31merror[0m] [0m	dev.scala.httpclient.HttpClientSpec[0m
[0m[[31merror[0m] [0m(test:[31mtest[0m) sbt.TestsFailedException: Tests unsuccessful[0m
